# JRE version: Java(TM) SE Runtime Environment (8.0_201-b09) (build 1.8.0_201-b09)
# Java VM: Java HotSpot(TM) 64-Bit Server VM (25.201-b09 mixed mode windows-amd64 compressed oops)
Heap:
 PSYoungGen      total 170496K, used 43427K [0x00000000d6500000, 0x00000000e2780000, 0x0000000100000000)
  eden space 162304K, 21% used [0x00000000d6500000,0x00000000d87bdad8,0x00000000e0380000)
  from space 8192K, 95% used [0x00000000e1f80000,0x00000000e272b2d8,0x00000000e2780000)
  to   space 15872K, 0% used [0x00000000e0880000,0x00000000e0880000,0x00000000e1800000)
 ParOldGen       total 141312K, used 37400K [0x0000000082e00000, 0x000000008b800000, 0x00000000d6500000)
  object space 141312K, 26% used [0x0000000082e00000,0x00000000852862c0,0x000000008b800000)
 Metaspace       used 64410K, capacity 67106K, committed 67288K, reserved 1107968K
  class space    used 8087K, capacity 8620K, committed 8704K, reserved 1048576K
GC Heap History (10 events):
Event: 22.942 GC heap before
{Heap before GC invocations=13 (full 2):
 PSYoungGen      total 121344K, used 118537K [0x00000000d6500000, 0x00000000de800000, 0x0000000100000000)
  eden space 109568K, 100% used [0x00000000d6500000,0x00000000dd000000,0x00000000dd000000)
  from space 11776K, 76% used [0x00000000ddc80000,0x00000000de5425b8,0x00000000de800000)
  to   space 12288K, 0% used [0x00000000dd000000,0x00000000dd000000,0x00000000ddc00000)
 ParOldGen       total 97280K, used 21291K [0x0000000082e00000, 0x0000000088d00000, 0x00000000d6500000)
  object space 97280K, 21% used [0x0000000082e00000,0x00000000842cad20,0x0000000088d00000)
 Metaspace       used 47155K, capacity 48798K, committed 48984K, reserved 1091584K
  class space    used 6042K, capacity 6426K, committed 6528K, reserved 1048576K
Event: 22.961 GC heap after
Heap after GC invocations=13 (full 2):
 PSYoungGen      total 121856K, used 12269K [0x00000000d6500000, 0x00000000e0880000, 0x0000000100000000)
  eden space 109568K, 0% used [0x00000000d6500000,0x00000000d6500000,0x00000000dd000000)
  from space 12288K, 99% used [0x00000000dd000000,0x00000000ddbfb738,0x00000000ddc00000)
  to   space 13824K, 0% used [0x00000000dfb00000,0x00000000dfb00000,0x00000000e0880000)
 ParOldGen       total 97280K, used 21811K [0x0000000082e00000, 0x0000000088d00000, 0x00000000d6500000)
  object space 97280K, 22% used [0x0000000082e00000,0x000000008434cc38,0x0000000088d00000)
 Metaspace       used 47155K, capacity 48798K, committed 48984K, reserved 1091584K
  class space    used 6042K, capacity 6426K, committed 6528K, reserved 1048576K
}
Event: 24.493 GC heap before
{Heap before GC invocations=14 (full 2):
 PSYoungGen      total 121856K, used 121837K [0x00000000d6500000, 0x00000000e0880000, 0x0000000100000000)
  eden space 109568K, 100% used [0x00000000d6500000,0x00000000dd000000,0x00000000dd000000)
  from space 12288K, 99% used [0x00000000dd000000,0x00000000ddbfb738,0x00000000ddc00000)
  to   space 13824K, 0% used [0x00000000dfb00000,0x00000000dfb00000,0x00000000e0880000)
 ParOldGen       total 97280K, used 21811K [0x0000000082e00000, 0x0000000088d00000, 0x00000000d6500000)
  object space 97280K, 22% used [0x0000000082e00000,0x000000008434cc38,0x0000000088d00000)
 Metaspace       used 51392K, capacity 53162K, committed 53336K, reserved 1095680K
  class space    used 6597K, capacity 6988K, committed 7040K, reserved 1048576K
Event: 24.512 GC heap after
Heap after GC invocations=14 (full 2):
 PSYoungGen      total 151552K, used 13806K [0x00000000d6500000, 0x00000000e0c80000, 0x0000000100000000)
  eden space 137728K, 0% used [0x00000000d6500000,0x00000000d6500000,0x00000000deb80000)
  from space 13824K, 99% used [0x00000000dfb00000,0x00000000e087b870,0x00000000e0880000)
  to   space 15872K, 0% used [0x00000000deb80000,0x00000000deb80000,0x00000000dfb00000)
 ParOldGen       total 97280K, used 22188K [0x0000000082e00000, 0x0000000088d00000, 0x00000000d6500000)
  object space 97280K, 22% used [0x0000000082e00000,0x00000000843ab2a0,0x0000000088d00000)
 Metaspace       used 51392K, capacity 53162K, committed 53336K, reserved 1095680K
  class space    used 6597K, capacity 6988K, committed 7040K, reserved 1048576K
}
Event: 26.949 GC heap before
{Heap before GC invocations=15 (full 2):
 PSYoungGen      total 151552K, used 127216K [0x00000000d6500000, 0x00000000e0c80000, 0x0000000100000000)
  eden space 137728K, 82% used [0x00000000d6500000,0x00000000dd3c0910,0x00000000deb80000)
  from space 13824K, 99% used [0x00000000dfb00000,0x00000000e087b870,0x00000000e0880000)
  to   space 15872K, 0% used [0x00000000deb80000,0x00000000deb80000,0x00000000dfb00000)
 ParOldGen       total 97280K, used 22188K [0x0000000082e00000, 0x0000000088d00000, 0x00000000d6500000)
  object space 97280K, 22% used [0x0000000082e00000,0x00000000843ab2a0,0x0000000088d00000)
 Metaspace       used 56543K, capacity 58876K, committed 59028K, reserved 1101824K
  class space    used 7184K, capacity 7633K, committed 7680K, reserved 1048576K
Event: 26.975 GC heap after
Heap after GC invocations=15 (full 2):
 PSYoungGen      total 153600K, used 12747K [0x00000000d6500000, 0x00000000e2f80000, 0x0000000100000000)
  eden space 137728K, 0% used [0x00000000d6500000,0x00000000d6500000,0x00000000deb80000)
  from space 15872K, 80% used [0x00000000deb80000,0x00000000df7f2cd8,0x00000000dfb00000)
  to   space 16384K, 0% used [0x00000000e1f80000,0x00000000e1f80000,0x00000000e2f80000)
 ParOldGen       total 97280K, used 27366K [0x0000000082e00000, 0x0000000088d00000, 0x00000000d6500000)
  object space 97280K, 28% used [0x0000000082e00000,0x00000000848b9a70,0x0000000088d00000)
 Metaspace       used 56543K, capacity 58876K, committed 59028K, reserved 1101824K
  class space    used 7184K, capacity 7633K, committed 7680K, reserved 1048576K
}
Event: 26.975 GC heap before
{Heap before GC invocations=16 (full 3):
 PSYoungGen      total 153600K, used 12747K [0x00000000d6500000, 0x00000000e2f80000, 0x0000000100000000)
  eden space 137728K, 0% used [0x00000000d6500000,0x00000000d6500000,0x00000000deb80000)
  from space 15872K, 80% used [0x00000000deb80000,0x00000000df7f2cd8,0x00000000dfb00000)
  to   space 16384K, 0% used [0x00000000e1f80000,0x00000000e1f80000,0x00000000e2f80000)
 ParOldGen       total 97280K, used 27366K [0x0000000082e00000, 0x0000000088d00000, 0x00000000d6500000)
  object space 97280K, 28% used [0x0000000082e00000,0x00000000848b9a70,0x0000000088d00000)
 Metaspace       used 56543K, capacity 58876K, committed 59028K, reserved 1101824K
  class space    used 7184K, capacity 7633K, committed 7680K, reserved 1048576K
Event: 27.314 GC heap after
Heap after GC invocations=16 (full 3):
 PSYoungGen      total 153600K, used 0K [0x00000000d6500000, 0x00000000e2f80000, 0x0000000100000000)
  eden space 137728K, 0% used [0x00000000d6500000,0x00000000d6500000,0x00000000deb80000)
  from space 15872K, 0% used [0x00000000deb80000,0x00000000deb80000,0x00000000dfb00000)
  to   space 16384K, 0% used [0x00000000e1f80000,0x00000000e1f80000,0x00000000e2f80000)
 ParOldGen       total 141312K, used 37392K [0x0000000082e00000, 0x000000008b800000, 0x00000000d6500000)
  object space 141312K, 26% used [0x0000000082e00000,0x00000000852842c0,0x000000008b800000)
 Metaspace       used 56543K, capacity 58876K, committed 59028K, reserved 1101824K
  class space    used 7184K, capacity 7633K, committed 7680K, reserved 1048576K
}
Event: 30.564 GC heap before
{Heap before GC invocations=17 (full 3):
 PSYoungGen      total 153600K, used 137728K [0x00000000d6500000, 0x00000000e2f80000, 0x0000000100000000)
  eden space 137728K, 100% used [0x00000000d6500000,0x00000000deb80000,0x00000000deb80000)
  from space 15872K, 0% used [0x00000000deb80000,0x00000000deb80000,0x00000000dfb00000)
  to   space 16384K, 0% used [0x00000000e1f80000,0x00000000e1f80000,0x00000000e2f80000)
 ParOldGen       total 141312K, used 37392K [0x0000000082e00000, 0x000000008b800000, 0x00000000d6500000)
  object space 141312K, 26% used [0x0000000082e00000,0x00000000852842c0,0x000000008b800000)
 Metaspace       used 63470K, capacity 65996K, committed 66008K, reserved 1107968K
  class space    used 7957K, capacity 8445K, committed 8448K, reserved 1048576K
Event: 30.579 GC heap after
Heap after GC invocations=17 (full 3):
 PSYoungGen      total 170496K, used 7852K [0x00000000d6500000, 0x00000000e2780000, 0x0000000100000000)
  eden space 162304K, 0% used [0x00000000d6500000,0x00000000d6500000,0x00000000e0380000)
  from space 8192K, 95% used [0x00000000e1f80000,0x00000000e272b2d8,0x00000000e2780000)
  to   space 15872K, 0% used [0x00000000e0880000,0x00000000e0880000,0x00000000e1800000)
 ParOldGen       total 141312K, used 37400K [0x0000000082e00000, 0x000000008b800000, 0x00000000d6500000)
  object space 141312K, 26% used [0x0000000082e00000,0x00000000852862c0,0x000000008b800000)
 Metaspace       used 63470K, capacity 65996K, committed 66008K, reserved 1107968K
  class space    used 7957K, capacity 8445K, committed 8448K, reserved 1048576K
}

